Apply changes? [Y/n]: STM-WAIT-DEPS: Waiting for dependencies: [Name {_author = elm, _project = json},Name {_author = elm, _project = virtual-dom}]
STM-WAIT-DEPS: Waiting for dependencies: [Name {_author = elm, _project = virtual-dom}]
STM-WAIT-DEPS: Waiting for dependencies: [Name {_author = elm, _project = html},Name {_author = elm, _project = time},Name {_author = elm, _project = url},Name {_author = elm, _project = virtual-dom}]
STM-WAIT-DEPS: Waiting for dependencies: [Name {_author = elm, _project = url}]
-- PROBLEM BUILDING DEPENDENCIES -----------------------------------------------

I ran into a compilation error when trying to build the following package:

    elm/json 1.1.3

This probably means it has package constraints that are too wide. It may be
possible to tweak your canopy.json to avoid the root problem as a stopgap. Head
over to https://canopy-lang.org/community to get help figuring out how to take
this path!

Note: To help with the root problem, please report this to the package author
along with the following information:

    

If you want to help out even more, try building the package locally. That should
give you much more specific information about why this package is failing to
build, which will in turn make it easier for the package author to fix it!

FOUNDATION: Loading elm/core foundation layer
FOUNDATION: Loaded 17 core interfaces
FOUNDATION: Loaded 12 kernel modules
FOUNDATION: Loading elm/core foundation layer
FOUNDATION: Loaded 17 core interfaces
FOUNDATION: Loaded 12 kernel modules
ATOMICALLY-DEBUG: Details.hs:666 - about to wait for dependencies: [Name {_author = elm, _project = core},Name {_author = elm, _project = json},Name {_author = elm, _project = virtual-dom}]
ATOMICALLY-DEBUG: Details.hs:666 - about to wait for dependencies: [Name {_author = elm, _project = core}]
ATOMICALLY-DEBUG: Details.hs:666 - dependency resolution completed successfully
CANOPY_DEBUG: DEBUG: Processing package Name {_author = elm, _project = json}
CANOPY_DEBUG: isKernel check: pkg=Name {_author = elm, _project = json} isKernel=True name=Json.Decode isKernel=False combined=False
CANOPY_DEBUG: isKernel check: pkg=Name {_author = elm, _project = json} isKernel=True name=Json.Encode isKernel=False combined=False
ATOMICALLY-DEBUG: Details.hs:666 - about to wait for dependencies: [Name {_author = elm, _project = core}]
ATOMICALLY-DEBUG: Details.hs:666 - dependency resolution completed successfully
CANOPY_DEBUG: DEBUG: Processing package Name {_author = elm, _project = time}
CANOPY_DEBUG: isKernel check: pkg=Name {_author = elm, _project = time} isKernel=True name=Time isKernel=False combined=False
ATOMICALLY-DEBUG: Details.hs:666 - about to wait for dependencies: [Name {_author = elm, _project = core},Name {_author = elm, _project = html},Name {_author = elm, _project = json},Name {_author = elm, _project = time},Name {_author = elm, _project = url},Name {_author = elm, _project = virtual-dom}]
ATOMICALLY-DEBUG: Details.hs:666 - about to wait for dependencies: [Name {_author = elm, _project = core},Name {_author = elm, _project = json}]
ATOMICALLY-DEBUG: Details.hs:666 - dependency resolution completed successfully
ATOMICALLY-DEBUG: Details.hs:666 - about to wait for dependencies: [Name {_author = elm, _project = core}]
ATOMICALLY-DEBUG: Details.hs:666 - dependency resolution completed successfully
CANOPY_DEBUG: DEBUG: Processing package Name {_author = elm, _project = url}
ATOMICALLY-DEBUG: Details.hs:666 - dependency resolution completed successfully
CANOPY_DEBUG: isKernel check: pkg=Name {_author = elm, _project = url} isKernel=True name=Url.Builder isKernel=False combined=False
CANOPY_DEBUG: isKernel check: pkg=Name {_author = elm, _project = url} isKernel=True name=Url isKernel=False combined=False
CANOPY_DEBUG: isKernel check: pkg=Name {_author = elm, _project = url} isKernel=True name=Url.Parser isKernel=False combined=False
CANOPY_DEBUG: isKernel check: pkg=Name {_author = elm, _project = url} isKernel=True name=Url.Parser.Query isKernel=False combined=False
ATOMICALLY-DEBUG: Details.hs:666 - dependency resolution completed successfully
